<?xml version="1.0" encoding="UTF-8"?>
<!-- Generated by org.testng.reporters.JUnitReportReporter -->
<testsuite hostname="Vira" name="com.flipkart.verification.Index" tests="7" failures="0" timestamp="15 Apr 2014 05:27:36 GMT" time="205.885" errors="0">
  <testcase name="test2" time="29.304" classname="com.flipkart.verification.Index"/>
  <testcase name="dataproviderusedemo" time="22.998" classname="com.flipkart.verification.Index"/>
  <testcase name="flipkart_sign" time="43.944" classname="com.flipkart.verification.Index"/>
  <testcase name="dataproviderusedemo" time="21.319" classname="com.flipkart.verification.Index"/>
  <testcase name="dataproviderusedemo" time="20.928" classname="com.flipkart.verification.Index"/>
  <testcase name="test1" time="19.912" classname="com.flipkart.verification.Index"/>
  <testcase name="flipkart_search" time="47.480" classname="com.flipkart.verification.Index"/>
</testsuite> <!-- com.flipkart.verification.Index -->
